<?xml version="1.0" encoding="UTF-8"?>
<!-- Generated by org.testng.reporters.JUnitXMLReporter -->
<testsuite hostname="DESKTOP-RV54SM4" ignored="0" name="Default test" tests="2" failures="0" timestamp="04 Apr 2020 18:00:15 GMT" time="54.698" errors="0">
  <testcase name="runScenario" time="28.874" classname="io.cucumber.testng.AbstractTestNGCucumberTests"/>
  <testcase name="runScenario" time="20.896" classname="io.cucumber.testng.AbstractTestNGCucumberTests"/>
</testsuite> <!-- Default test -->
