<?xml version="1.0" encoding="UTF-8"?>
<testng-results skipped="0" failed="0" ignored="0" total="1" passed="1">
  <reporter-output>
  </reporter-output>
  <suite name="Suite" duration-ms="25591" started-at="2020-04-27T09:45:47Z" finished-at="2020-04-27T09:46:12Z">
    <groups>
      <group name="cucumber">
        <method signature="AbstractTestNGCucumberTests.runScenario(io.cucumber.testng.PickleWrapper, io.cucumber.testng.FeatureWrapper)[pri:0, instance:com.selenium.Runner.TestRunner@47ef968d]" name="runScenario" class="io.cucumber.testng.AbstractTestNGCucumberTests"/>
      </group> <!-- cucumber -->
    </groups>
    <test name="Test" duration-ms="25591" started-at="2020-04-27T09:45:47Z" finished-at="2020-04-27T09:46:12Z">
      <class name="com.selenium.Runner.TestRunner">
        <test-method status="PASS" signature="setUpClass()[pri:0, instance:com.selenium.Runner.TestRunner@47ef968d]" name="setUpClass" is-config="true" duration-ms="614" started-at="2020-04-27T09:45:47Z" finished-at="2020-04-27T09:45:47Z">
          <reporter-output>
          </reporter-output>
        </test-method> <!-- setUpClass -->
        <test-method status="PASS" signature="runScenario(io.cucumber.testng.PickleWrapper, io.cucumber.testng.FeatureWrapper)[pri:0, instance:com.selenium.Runner.TestRunner@47ef968d]" name="runScenario" duration-ms="21548" started-at="2020-04-27T09:45:47Z" description="Runs Cucumber Scenarios" data-provider="scenarios" finished-at="2020-04-27T09:46:09Z">
          <params>
            <param index="0">
              <value>
                <![CDATA["login postive test - format should be this when passing direct paraameters"]]>
              </value>
            </param>
            <param index="1">
              <value>
                <![CDATA["Facebook login test"]]>
              </value>
            </param>
          </params>
          <reporter-output>
          </reporter-output>
        </test-method> <!-- runScenario -->
        <test-method status="PASS" signature="tearDownClass()[pri:0, instance:com.selenium.Runner.TestRunner@47ef968d]" name="tearDownClass" is-config="true" duration-ms="3347" started-at="2020-04-27T09:46:09Z" finished-at="2020-04-27T09:46:12Z">
          <reporter-output>
          </reporter-output>
        </test-method> <!-- tearDownClass -->
      </class> <!-- com.selenium.Runner.TestRunner -->
    </test> <!-- Test -->
  </suite> <!-- Suite -->
</testng-results>
